
Showing logs for build [32mcb-kubecd-environment-pr-209-6-hfwvb-1[0m stage [32mfrom-build-pack[0m and container [32mstep-credential-initializer-56jt8[0m
{"level":"info","ts":1587749615.391562,"logger":"fallback-logger","caller":"logging/config.go:69","msg":"Fetch GitHub commit ID from kodata failed: open /var/run/ko/refs/heads/0.8.0-ns-support: no such file or directory"}
{"level":"info","ts":1587749615.3923087,"logger":"fallback-logger","caller":"creds-init/main.go:40","msg":"Credentials initialized."}

Showing logs for build [32mcb-kubecd-environment-pr-209-6-hfwvb-1[0m stage [32mfrom-build-pack[0m and container [32mstep-working-dir-initializer-7lzkt[0m
{"level":"info","ts":1587749615.8129358,"logger":"fallback-logger","caller":"logging/config.go:69","msg":"Fetch GitHub commit ID from kodata failed: open /var/run/ko/HEAD: no such file or directory"}
{"level":"info","ts":1587749615.8141348,"logger":"fallback-logger","caller":"bash/main.go:64","msg":"Successfully executed command \"sh -c mkdir -p /workspace/source\"; output "}

Showing logs for build [32mcb-kubecd-environment-pr-209-6-hfwvb-1[0m stage [32mfrom-build-pack[0m and container [32mstep-place-tools[0m

Showing logs for build [32mcb-kubecd-environment-pr-209-6-hfwvb-1[0m stage [32mfrom-build-pack[0m and container [32mstep-git-source-cb-kubecd-environment-pr-209-6-hfwvb-hjpj6[0m
{"level":"info","ts":1587749620.1141522,"logger":"fallback-logger","caller":"logging/config.go:69","msg":"Fetch GitHub commit ID from kodata failed: open /var/run/ko/refs/heads/0.8.0-ns-support: no such file or directory"}
{"level":"info","ts":1587749621.2238333,"logger":"fallback-logger","caller":"git/git.go:103","msg":"Successfully cloned https://github.com/cb-kubecd/environment-pr-209-6-boot-vault-gke-staging.git @ master in path /workspace/source"}

Showing logs for build [32mcb-kubecd-environment-pr-209-6-hfwvb-1[0m stage [32mfrom-build-pack[0m and container [32mstep-git-merge[0m
Using SHAs from PULL_REFS=master:c48280c93a59b55b87dabfe8b254b30a37ec19c2,3:73456505ebbbbcfd242f40cbf48597c8df5b509c
DEBUG: LC_ALL=C JX_LOG_LEVEL=error git fetch origin --unshallow 73456505ebbbbcfd242f40cbf48597c8df5b509c: c48280c93a59b55b87dabfe8b254b30a37ec19c2:
DEBUG: ran git fetch --unshallow origin 73456505ebbbbcfd242f40cbf48597c8df5b509c: c48280c93a59b55b87dabfe8b254b30a37ec19c2: in 
DEBUG: LC_ALL=C JX_LOG_LEVEL=error git branch
DEBUG: JX_LOG_LEVEL=error LC_ALL=C git checkout master
DEBUG: ran git checkout master in 
DEBUG: LC_ALL=C JX_LOG_LEVEL=error git reset --hard c48280c93a59b55b87dabfe8b254b30a37ec19c2
DEBUG: ran git reset --hard c48280c93a59b55b87dabfe8b254b30a37ec19c2 in 
DEBUG: LC_ALL=C JX_LOG_LEVEL=error git clean -fd .
DEBUG: ran clean --force -d . in 
DEBUG: LC_ALL=C JX_LOG_LEVEL=error git merge 73456505ebbbbcfd242f40cbf48597c8df5b509c
DEBUG: ran git merge 73456505ebbbbcfd242f40cbf48597c8df5b509c in 
DEBUG: LC_ALL=C JX_LOG_LEVEL=error git log --format=%H%x1f%an%x1f%ae%x1f%cn%x1f%ce%x1f%s%n%b%x1e c48280c93a59b55b87dabfe8b254b30a37ec19c2..HEAD
Merged SHA 73456505ebbbbcfd242f40cbf48597c8df5b509c with commit message 'chore: Promote bdd-sbhg-1587748273 to version 0.0.1' into base branch master

Showing logs for build [32mcb-kubecd-environment-pr-209-6-hfwvb-1[0m stage [32mfrom-build-pack[0m and container [32mstep-build-helm-build[0m
WARNING: No $CHART_REPOSITORY defined so using the default value of: http://jenkins-x-chartmuseum:8080
Adding missing Helm repo: storage.googleapis.com https://storage.googleapis.com/chartmuseum.jenkins-x.io
WARNING: No secrets found on "helm/repos" due: reading the secret "helm/repos" from vault: no secret "helm/repos" not found in vault
Read credentials for https://storage.googleapis.com/chartmuseum.jenkins-x.io from vault helm/repos
Successfully added Helm repository storage.googleapis.com.
Adding missing Helm repo: jenkins-x-chartmuseum http://jenkins-x-chartmuseum:8080
WARNING: No secrets found on "helm/repos" due: reading the secret "helm/repos" from vault: no secret "helm/repos" not found in vault
Read credentials for http://jenkins-x-chartmuseum:8080 from vault helm/repos
Successfully added Helm repository jenkins-x-chartmuseum.
WARNING: No $CHART_REPOSITORY defined so using the default value of: http://jenkins-x-chartmuseum:8080
Adding missing Helm repo: chartmuseum.jenkins-x.io http://chartmuseum.jenkins-x.io
WARNING: No secrets found on "helm/repos" due: reading the secret "helm/repos" from vault: no secret "helm/repos" not found in vault
Read credentials for http://chartmuseum.jenkins-x.io from vault helm/repos
Successfully added Helm repository chartmuseum.jenkins-x.io.
