
Showing logs for build [32mcb-kubecd-environment-pr-209-6-xbtjp-1[0m stage [32mfrom-build-pack[0m and container [32mstep-credential-initializer-c5s5r[0m
{"level":"info","ts":1587746706.5325015,"logger":"fallback-logger","caller":"logging/config.go:69","msg":"Fetch GitHub commit ID from kodata failed: open /var/run/ko/refs/heads/0.8.0-ns-support: no such file or directory"}
{"level":"info","ts":1587746706.5333447,"logger":"fallback-logger","caller":"creds-init/main.go:40","msg":"Credentials initialized."}

Showing logs for build [32mcb-kubecd-environment-pr-209-6-xbtjp-1[0m stage [32mfrom-build-pack[0m and container [32mstep-working-dir-initializer-jlggq[0m
{"level":"info","ts":1587746707.5176258,"logger":"fallback-logger","caller":"logging/config.go:69","msg":"Fetch GitHub commit ID from kodata failed: open /var/run/ko/HEAD: no such file or directory"}
{"level":"info","ts":1587746707.520303,"logger":"fallback-logger","caller":"bash/main.go:64","msg":"Successfully executed command \"sh -c mkdir -p /workspace/source\"; output "}

Showing logs for build [32mcb-kubecd-environment-pr-209-6-xbtjp-1[0m stage [32mfrom-build-pack[0m and container [32mstep-place-tools[0m

Showing logs for build [32mcb-kubecd-environment-pr-209-6-xbtjp-1[0m stage [32mfrom-build-pack[0m and container [32mstep-git-source-cb-kubecd-environment-pr-209-6-xbtjp-ln8mc[0m
{"level":"info","ts":1587746713.6911485,"logger":"fallback-logger","caller":"logging/config.go:69","msg":"Fetch GitHub commit ID from kodata failed: open /var/run/ko/refs/heads/0.8.0-ns-support: no such file or directory"}
{"level":"info","ts":1587746714.8157668,"logger":"fallback-logger","caller":"git/git.go:103","msg":"Successfully cloned https://github.com/cb-kubecd/environment-pr-209-6-boot-vault-gke-staging.git @ master in path /workspace/source"}

Showing logs for build [32mcb-kubecd-environment-pr-209-6-xbtjp-1[0m stage [32mfrom-build-pack[0m and container [32mstep-git-merge[0m
Using SHAs from PULL_REFS=master:0516f53d4363cd377b7fef2fae28d9af25422557,1:6e61e76f5a2a04b710b1ab7b4c03ee45c128b680
DEBUG: LC_ALL=C JX_LOG_LEVEL=error git fetch origin --unshallow 6e61e76f5a2a04b710b1ab7b4c03ee45c128b680: 0516f53d4363cd377b7fef2fae28d9af25422557:
DEBUG: ran git fetch --unshallow origin 6e61e76f5a2a04b710b1ab7b4c03ee45c128b680: 0516f53d4363cd377b7fef2fae28d9af25422557: in 
DEBUG: LC_ALL=C JX_LOG_LEVEL=error git branch
DEBUG: LC_ALL=C JX_LOG_LEVEL=error git checkout master
DEBUG: ran git checkout master in 
DEBUG: JX_LOG_LEVEL=error LC_ALL=C git reset --hard 0516f53d4363cd377b7fef2fae28d9af25422557
DEBUG: ran git reset --hard 0516f53d4363cd377b7fef2fae28d9af25422557 in 
DEBUG: LC_ALL=C JX_LOG_LEVEL=error git clean -fd .
DEBUG: ran clean --force -d . in 
DEBUG: LC_ALL=C JX_LOG_LEVEL=error git merge 6e61e76f5a2a04b710b1ab7b4c03ee45c128b680
DEBUG: ran git merge 6e61e76f5a2a04b710b1ab7b4c03ee45c128b680 in 
DEBUG: LC_ALL=C JX_LOG_LEVEL=error git log --format=%H%x1f%an%x1f%ae%x1f%cn%x1f%ce%x1f%s%n%b%x1e 0516f53d4363cd377b7fef2fae28d9af25422557..HEAD
Merged SHA 6e61e76f5a2a04b710b1ab7b4c03ee45c128b680 with commit message 'chore: Promote bdd-spring-1587746378 to version 0.0.1' into base branch master

Showing logs for build [32mcb-kubecd-environment-pr-209-6-xbtjp-1[0m stage [32mfrom-build-pack[0m and container [32mstep-build-helm-build[0m
WARNING: No $CHART_REPOSITORY defined so using the default value of: http://jenkins-x-chartmuseum:8080
Adding missing Helm repo: storage.googleapis.com https://storage.googleapis.com/chartmuseum.jenkins-x.io
WARNING: No secrets found on "helm/repos" due: reading the secret "helm/repos" from vault: no secret "helm/repos" not found in vault
Read credentials for https://storage.googleapis.com/chartmuseum.jenkins-x.io from vault helm/repos
Successfully added Helm repository storage.googleapis.com.
Adding missing Helm repo: jenkins-x-chartmuseum http://jenkins-x-chartmuseum:8080
WARNING: No secrets found on "helm/repos" due: reading the secret "helm/repos" from vault: no secret "helm/repos" not found in vault
Read credentials for http://jenkins-x-chartmuseum:8080 from vault helm/repos
Successfully added Helm repository jenkins-x-chartmuseum.
WARNING: No $CHART_REPOSITORY defined so using the default value of: http://jenkins-x-chartmuseum:8080
Adding missing Helm repo: chartmuseum.jenkins-x.io http://chartmuseum.jenkins-x.io
WARNING: No secrets found on "helm/repos" due: reading the secret "helm/repos" from vault: no secret "helm/repos" not found in vault
Read credentials for http://chartmuseum.jenkins-x.io from vault helm/repos
Successfully added Helm repository chartmuseum.jenkins-x.io.
